{"/Users/backand/Documents/orm/ORM/parse-migration/bulk-runner.js":{"path":"/Users/backand/Documents/orm/ORM/parse-migration/bulk-runner.js","s":{"1":1,"2":1,"3":1,"4":1,"5":0,"6":1,"7":1,"8":0,"9":0,"10":0,"11":0,"12":0,"13":0,"14":0,"15":0,"16":0,"17":0,"18":0,"19":0,"20":0,"21":0,"22":0,"23":0,"24":0,"25":1},"b":{"1":[0,0],"2":[0,0]},"f":{"1":0,"2":1,"3":0,"4":0,"5":0,"6":0},"fnMap":{"1":{"name":"BulkRunner","line":9,"loc":{"start":{"line":9,"column":0},"end":{"line":9,"column":36}}},"2":{"name":"(anonymous_2)","line":13,"loc":{"start":{"line":13,"column":24},"end":{"line":13,"column":35}}},"3":{"name":"(anonymous_3)","line":20,"loc":{"start":{"line":20,"column":15},"end":{"line":20,"column":69}}},"4":{"name":"(anonymous_4)","line":24,"loc":{"start":{"line":24,"column":38},"end":{"line":24,"column":52}}},"5":{"name":"(anonymous_5)","line":45,"loc":{"start":{"line":45,"column":15},"end":{"line":45,"column":61}}},"6":{"name":"(anonymous_6)","line":48,"loc":{"start":{"line":48,"column":28},"end":{"line":48,"column":42}}}},"statementMap":{"1":{"start":{"line":4,"column":0},"end":{"line":4,"column":29}},"2":{"start":{"line":5,"column":0},"end":{"line":5,"column":65}},"3":{"start":{"line":7,"column":0},"end":{"line":7,"column":16}},"4":{"start":{"line":9,"column":0},"end":{"line":11,"column":1}},"5":{"start":{"line":10,"column":4},"end":{"line":10,"column":41}},"6":{"start":{"line":13,"column":0},"end":{"line":67,"column":5}},"7":{"start":{"line":16,"column":4},"end":{"line":66,"column":6}},"8":{"start":{"line":21,"column":12},"end":{"line":21,"column":55}},"9":{"start":{"line":22,"column":12},"end":{"line":22,"column":67}},"10":{"start":{"line":24,"column":12},"end":{"line":42,"column":15}},"11":{"start":{"line":25,"column":16},"end":{"line":25,"column":27}},"12":{"start":{"line":26,"column":16},"end":{"line":38,"column":17}},"13":{"start":{"line":27,"column":20},"end":{"line":27,"column":100}},"14":{"start":{"line":29,"column":20},"end":{"line":34,"column":23}},"15":{"start":{"line":37,"column":20},"end":{"line":37,"column":61}},"16":{"start":{"line":40,"column":16},"end":{"line":40,"column":34}},"17":{"start":{"line":46,"column":12},"end":{"line":46,"column":67}},"18":{"start":{"line":48,"column":12},"end":{"line":63,"column":15}},"19":{"start":{"line":49,"column":16},"end":{"line":49,"column":27}},"20":{"start":{"line":50,"column":16},"end":{"line":61,"column":17}},"21":{"start":{"line":51,"column":20},"end":{"line":51,"column":100}},"22":{"start":{"line":52,"column":20},"end":{"line":57,"column":23}},"23":{"start":{"line":60,"column":20},"end":{"line":60,"column":61}},"24":{"start":{"line":62,"column":16},"end":{"line":62,"column":34}},"25":{"start":{"line":69,"column":0},"end":{"line":69,"column":28}}},"branchMap":{"1":{"line":26,"type":"if","locations":[{"start":{"line":26,"column":16},"end":{"line":26,"column":16}},{"start":{"line":26,"column":16},"end":{"line":26,"column":16}}]},"2":{"line":50,"type":"if","locations":[{"start":{"line":50,"column":16},"end":{"line":50,"column":16}},{"start":{"line":50,"column":16},"end":{"line":50,"column":16}}]}}},"/Users/backand/Documents/orm/ORM/parse-migration/logging/logger.js":{"path":"/Users/backand/Documents/orm/ORM/parse-migration/logging/logger.js","s":{"1":1,"2":1,"3":1,"4":2,"5":1},"b":{},"f":{"1":2},"fnMap":{"1":{"name":"(anonymous_1)","line":7,"loc":{"start":{"line":7,"column":16},"end":{"line":7,"column":31}}}},"statementMap":{"1":{"start":{"line":5,"column":0},"end":{"line":5,"column":31}},"2":{"start":{"line":6,"column":0},"end":{"line":6,"column":46}},"3":{"start":{"line":7,"column":0},"end":{"line":9,"column":1}},"4":{"start":{"line":8,"column":4},"end":{"line":8,"column":34}},"5":{"start":{"line":11,"column":0},"end":{"line":11,"column":37}}},"branchMap":{}},"/Users/backand/Documents/orm/ORM/parse-migration/statusBL.js":{"path":"/Users/backand/Documents/orm/ORM/parse-migration/statusBL.js","s":{"1":1,"2":1,"3":1,"4":1,"5":1,"6":1,"7":3,"8":1,"9":3,"10":3,"11":3,"12":1,"13":3,"14":3,"15":3,"16":1,"17":0,"18":3,"19":3,"20":0,"21":0,"22":3,"23":3,"24":1,"25":1,"26":2,"27":2,"28":3,"29":1,"30":1,"31":1,"32":1,"33":1,"34":0,"35":0,"36":0,"37":0,"38":0,"39":1,"40":1,"41":1,"42":1,"43":1,"44":1,"45":1,"46":1,"47":1,"48":1,"49":1,"50":1,"51":1,"52":1,"53":1,"54":1,"55":1,"56":1,"57":1,"58":1,"59":1,"60":1,"61":1,"62":1,"63":1,"64":1,"65":2,"66":1,"67":1,"68":1,"69":1},"b":{"1":[0,3],"2":[1,2],"3":[2,0]},"f":{"1":3,"2":3,"3":3,"4":3,"5":0,"6":3,"7":1,"8":0,"9":0,"10":1,"11":1,"12":1,"13":1,"14":1,"15":1,"16":1,"17":0,"18":0,"19":2,"20":1},"fnMap":{"1":{"name":"(anonymous_1)","line":11,"loc":{"start":{"line":11,"column":15},"end":{"line":11,"column":35}}},"2":{"name":"(anonymous_2)","line":15,"loc":{"start":{"line":15,"column":29},"end":{"line":15,"column":41}}},"3":{"name":"(anonymous_3)","line":18,"loc":{"start":{"line":18,"column":14},"end":{"line":18,"column":26}}},"4":{"name":"(anonymous_4)","line":23,"loc":{"start":{"line":23,"column":32},"end":{"line":23,"column":44}}},"5":{"name":"getEqualityFilter","line":28,"loc":{"start":{"line":28,"column":4},"end":{"line":28,"column":33}}},"6":{"name":"(anonymous_6)","line":33,"loc":{"start":{"line":33,"column":14},"end":{"line":33,"column":32}}},"7":{"name":"(anonymous_7)","line":55,"loc":{"start":{"line":55,"column":31},"end":{"line":55,"column":46}}},"8":{"name":"(anonymous_8)","line":61,"loc":{"start":{"line":61,"column":29},"end":{"line":61,"column":44}}},"9":{"name":"(anonymous_9)","line":68,"loc":{"start":{"line":68,"column":14},"end":{"line":68,"column":29}}},"10":{"name":"(anonymous_10)","line":73,"loc":{"start":{"line":73,"column":37},"end":{"line":73,"column":64}}},"11":{"name":"iterator","line":76,"loc":{"start":{"line":76,"column":29},"end":{"line":76,"column":68}}},"12":{"name":"(anonymous_12)","line":87,"loc":{"start":{"line":87,"column":18},"end":{"line":87,"column":30}}},"13":{"name":"done","line":91,"loc":{"start":{"line":91,"column":7},"end":{"line":91,"column":23}}},"14":{"name":"(anonymous_14)","line":100,"loc":{"start":{"line":100,"column":36},"end":{"line":100,"column":66}}},"15":{"name":"(anonymous_15)","line":106,"loc":{"start":{"line":106,"column":14},"end":{"line":106,"column":29}}},"16":{"name":"(anonymous_16)","line":115,"loc":{"start":{"line":115,"column":22},"end":{"line":115,"column":34}}},"17":{"name":"(anonymous_17)","line":125,"loc":{"start":{"line":125,"column":40},"end":{"line":125,"column":66}}},"18":{"name":"(anonymous_18)","line":129,"loc":{"start":{"line":129,"column":40},"end":{"line":129,"column":60}}},"19":{"name":"(anonymous_19)","line":133,"loc":{"start":{"line":133,"column":29},"end":{"line":133,"column":41}}},"20":{"name":"(anonymous_20)","line":138,"loc":{"start":{"line":138,"column":38},"end":{"line":138,"column":50}}}},"statementMap":{"1":{"start":{"line":5,"column":0},"end":{"line":5,"column":33}},"2":{"start":{"line":6,"column":0},"end":{"line":6,"column":44}},"3":{"start":{"line":7,"column":0},"end":{"line":7,"column":63}},"4":{"start":{"line":8,"column":0},"end":{"line":8,"column":29}},"5":{"start":{"line":9,"column":0},"end":{"line":9,"column":21}},"6":{"start":{"line":11,"column":0},"end":{"line":13,"column":2}},"7":{"start":{"line":12,"column":4},"end":{"line":12,"column":29}},"8":{"start":{"line":15,"column":0},"end":{"line":21,"column":1}},"9":{"start":{"line":16,"column":4},"end":{"line":16,"column":79}},"10":{"start":{"line":17,"column":4},"end":{"line":20,"column":11}},"11":{"start":{"line":19,"column":12},"end":{"line":19,"column":54}},"12":{"start":{"line":23,"column":0},"end":{"line":53,"column":2}},"13":{"start":{"line":24,"column":4},"end":{"line":24,"column":20}},"14":{"start":{"line":25,"column":4},"end":{"line":25,"column":43}},"15":{"start":{"line":26,"column":4},"end":{"line":26,"column":29}},"16":{"start":{"line":28,"column":4},"end":{"line":30,"column":5}},"17":{"start":{"line":29,"column":8},"end":{"line":29,"column":81}},"18":{"start":{"line":32,"column":4},"end":{"line":50,"column":11}},"19":{"start":{"line":34,"column":12},"end":{"line":37,"column":13}},"20":{"start":{"line":35,"column":16},"end":{"line":35,"column":44}},"21":{"start":{"line":36,"column":16},"end":{"line":36,"column":33}},"22":{"start":{"line":39,"column":12},"end":{"line":39,"column":60}},"23":{"start":{"line":41,"column":12},"end":{"line":44,"column":13}},"24":{"start":{"line":42,"column":16},"end":{"line":42,"column":44}},"25":{"start":{"line":43,"column":16},"end":{"line":43,"column":33}},"26":{"start":{"line":46,"column":12},"end":{"line":48,"column":13}},"27":{"start":{"line":47,"column":16},"end":{"line":47,"column":44}},"28":{"start":{"line":52,"column":4},"end":{"line":52,"column":28}},"29":{"start":{"line":55,"column":0},"end":{"line":59,"column":1}},"30":{"start":{"line":56,"column":4},"end":{"line":56,"column":19}},"31":{"start":{"line":57,"column":4},"end":{"line":57,"column":32}},"32":{"start":{"line":58,"column":4},"end":{"line":58,"column":70}},"33":{"start":{"line":61,"column":0},"end":{"line":71,"column":1}},"34":{"start":{"line":63,"column":4},"end":{"line":63,"column":80}},"35":{"start":{"line":64,"column":4},"end":{"line":64,"column":19}},"36":{"start":{"line":65,"column":4},"end":{"line":65,"column":33}},"37":{"start":{"line":67,"column":4},"end":{"line":70,"column":10}},"38":{"start":{"line":69,"column":12},"end":{"line":69,"column":54}},"39":{"start":{"line":73,"column":0},"end":{"line":98,"column":1}},"40":{"start":{"line":74,"column":4},"end":{"line":74,"column":29}},"41":{"start":{"line":76,"column":4},"end":{"line":93,"column":7}},"42":{"start":{"line":77,"column":8},"end":{"line":77,"column":75}},"43":{"start":{"line":78,"column":8},"end":{"line":84,"column":10}},"44":{"start":{"line":86,"column":8},"end":{"line":90,"column":14}},"45":{"start":{"line":88,"column":16},"end":{"line":88,"column":84}},"46":{"start":{"line":89,"column":16},"end":{"line":89,"column":27}},"47":{"start":{"line":92,"column":8},"end":{"line":92,"column":27}},"48":{"start":{"line":95,"column":4},"end":{"line":95,"column":28}},"49":{"start":{"line":100,"column":0},"end":{"line":123,"column":1}},"50":{"start":{"line":101,"column":4},"end":{"line":101,"column":76}},"51":{"start":{"line":103,"column":4},"end":{"line":103,"column":29}},"52":{"start":{"line":105,"column":4},"end":{"line":120,"column":10}},"53":{"start":{"line":107,"column":12},"end":{"line":107,"column":38}},"54":{"start":{"line":108,"column":12},"end":{"line":108,"column":32}},"55":{"start":{"line":110,"column":12},"end":{"line":110,"column":145}},"56":{"start":{"line":111,"column":12},"end":{"line":111,"column":36}},"57":{"start":{"line":112,"column":12},"end":{"line":112,"column":41}},"58":{"start":{"line":114,"column":12},"end":{"line":118,"column":18}},"59":{"start":{"line":116,"column":20},"end":{"line":116,"column":93}},"60":{"start":{"line":117,"column":20},"end":{"line":117,"column":39}},"61":{"start":{"line":122,"column":4},"end":{"line":122,"column":28}},"62":{"start":{"line":125,"column":0},"end":{"line":127,"column":1}},"63":{"start":{"line":129,"column":0},"end":{"line":131,"column":1}},"64":{"start":{"line":133,"column":0},"end":{"line":136,"column":1}},"65":{"start":{"line":134,"column":4},"end":{"line":134,"column":47}},"66":{"start":{"line":138,"column":0},"end":{"line":151,"column":1}},"67":{"start":{"line":139,"column":4},"end":{"line":148,"column":6}},"68":{"start":{"line":150,"column":4},"end":{"line":150,"column":61}},"69":{"start":{"line":169,"column":0},"end":{"line":169,"column":26}}},"branchMap":{"1":{"line":34,"type":"if","locations":[{"start":{"line":34,"column":12},"end":{"line":34,"column":12}},{"start":{"line":34,"column":12},"end":{"line":34,"column":12}}]},"2":{"line":41,"type":"if","locations":[{"start":{"line":41,"column":12},"end":{"line":41,"column":12}},{"start":{"line":41,"column":12},"end":{"line":41,"column":12}}]},"3":{"line":46,"type":"if","locations":[{"start":{"line":46,"column":12},"end":{"line":46,"column":12}},{"start":{"line":46,"column":12},"end":{"line":46,"column":12}}]}}},"/Users/backand/Documents/orm/ORM/parse-migration/config.js":{"path":"/Users/backand/Documents/orm/ORM/parse-migration/config.js","s":{"1":1,"2":1},"b":{},"f":{},"fnMap":{},"statementMap":{"1":{"start":{"line":5,"column":0},"end":{"line":9,"column":1}},"2":{"start":{"line":12,"column":0},"end":{"line":12,"column":24}}},"branchMap":{}}}