TN:
SF:/Users/backand/Documents/orm/ORM/parse-migration/bulk-runner.js
FN:9,BulkRunner
FN:13,(anonymous_2)
FN:20,(anonymous_3)
FN:24,(anonymous_4)
FN:45,(anonymous_5)
FN:48,(anonymous_6)
FNF:6
FNH:1
FNDA:0,BulkRunner
FNDA:1,(anonymous_2)
FNDA:0,(anonymous_3)
FNDA:0,(anonymous_4)
FNDA:0,(anonymous_5)
FNDA:0,(anonymous_6)
DA:4,1
DA:5,1
DA:7,1
DA:9,1
DA:10,0
DA:13,1
DA:16,1
DA:21,0
DA:22,0
DA:24,0
DA:25,0
DA:26,0
DA:27,0
DA:29,0
DA:37,0
DA:40,0
DA:46,0
DA:48,0
DA:49,0
DA:50,0
DA:51,0
DA:52,0
DA:60,0
DA:62,0
DA:69,1
LF:25
LH:7
BRDA:26,1,0,0
BRDA:26,1,1,0
BRDA:50,2,0,0
BRDA:50,2,1,0
BRF:4
BRH:0
end_of_record
TN:
SF:/Users/backand/Documents/orm/ORM/parse-migration/logging/logger.js
FN:7,(anonymous_1)
FNF:1
FNH:1
FNDA:2,(anonymous_1)
DA:5,1
DA:6,1
DA:7,1
DA:8,2
DA:11,1
LF:5
LH:5
BRF:0
BRH:0
end_of_record
TN:
SF:/Users/backand/Documents/orm/ORM/parse-migration/statusBL.js
FN:11,(anonymous_1)
FN:15,(anonymous_2)
FN:18,(anonymous_3)
FN:23,(anonymous_4)
FN:28,getEqualityFilter
FN:33,(anonymous_6)
FN:55,(anonymous_7)
FN:61,(anonymous_8)
FN:68,(anonymous_9)
FN:73,(anonymous_10)
FN:76,iterator
FN:87,(anonymous_12)
FN:91,done
FN:100,(anonymous_14)
FN:106,(anonymous_15)
FN:115,(anonymous_16)
FN:125,(anonymous_17)
FN:129,(anonymous_18)
FN:133,(anonymous_19)
FN:138,(anonymous_20)
FNF:20
FNH:15
FNDA:3,(anonymous_1)
FNDA:3,(anonymous_2)
FNDA:3,(anonymous_3)
FNDA:3,(anonymous_4)
FNDA:0,getEqualityFilter
FNDA:3,(anonymous_6)
FNDA:1,(anonymous_7)
FNDA:0,(anonymous_8)
FNDA:0,(anonymous_9)
FNDA:1,(anonymous_10)
FNDA:1,iterator
FNDA:1,(anonymous_12)
FNDA:1,done
FNDA:1,(anonymous_14)
FNDA:1,(anonymous_15)
FNDA:1,(anonymous_16)
FNDA:0,(anonymous_17)
FNDA:0,(anonymous_18)
FNDA:2,(anonymous_19)
FNDA:1,(anonymous_20)
DA:5,1
DA:6,1
DA:7,1
DA:8,1
DA:9,1
DA:11,1
DA:12,3
DA:15,1
DA:16,3
DA:17,3
DA:19,3
DA:23,1
DA:24,3
DA:25,3
DA:26,3
DA:28,1
DA:29,0
DA:32,3
DA:34,3
DA:35,0
DA:36,0
DA:39,3
DA:41,3
DA:42,1
DA:43,1
DA:46,2
DA:47,2
DA:52,3
DA:55,1
DA:56,1
DA:57,1
DA:58,1
DA:61,1
DA:63,0
DA:64,0
DA:65,0
DA:67,0
DA:69,0
DA:73,1
DA:74,1
DA:76,1
DA:77,1
DA:78,1
DA:86,1
DA:88,1
DA:89,1
DA:92,1
DA:95,1
DA:100,1
DA:101,1
DA:103,1
DA:105,1
DA:107,1
DA:108,1
DA:110,1
DA:111,1
DA:112,1
DA:114,1
DA:116,1
DA:117,1
DA:122,1
DA:125,1
DA:129,1
DA:133,1
DA:134,2
DA:138,1
DA:139,1
DA:150,1
DA:169,1
LF:69
LH:61
BRDA:34,1,0,0
BRDA:34,1,1,3
BRDA:41,2,0,1
BRDA:41,2,1,2
BRDA:46,3,0,2
BRDA:46,3,1,0
BRF:6
BRH:4
end_of_record
TN:
SF:/Users/backand/Documents/orm/ORM/parse-migration/config.js
FNF:0
FNH:0
DA:5,1
DA:12,1
LF:2
LH:2
BRF:0
BRH:0
end_of_record
